[03-Apr-2018 13:23:17] Error: Class 'Config' not found in /Applications/MAMP/htdocs/flextype/site/plugins/admin/views/login.php at line 20
[03-Apr-2018 21:20:51] ParseError: syntax error, unexpected '<', expecting end of file in /Applications/MAMP/htdocs/flextype/site/plugins/admin/views/login.php at line 21
[03-Apr-2018 21:21:44] ParseError: syntax error, unexpected 'echo' (T_ECHO) in /Applications/MAMP/htdocs/flextype/site/plugins/admin/views/login.php at line 22
[03-Apr-2018 21:22:49] ErrorException: Notice: Undefined index: password in /Applications/MAMP/htdocs/flextype/site/plugins/admin/admin.php at line 113
[03-Apr-2018 21:22:57] ParseError: syntax error, unexpected 'echo' (T_ECHO) in /Applications/MAMP/htdocs/flextype/site/plugins/admin/admin.php at line 113
[03-Apr-2018 21:38:08] ErrorException: Compile Error: Cannot use isset() on the result of an expression (you can use "null !== expression" instead) in /Applications/MAMP/htdocs/flextype/site/plugins/admin/admin.php at line 115
[03-Apr-2018 21:38:35] ErrorException: Compile Error: Cannot use isset() on the result of an expression (you can use "null !== expression" instead) in /Applications/MAMP/htdocs/flextype/site/plugins/admin/admin.php at line 115
[03-Apr-2018 21:40:49] ErrorException: Compile Error: Cannot use isset() on the result of an expression (you can use "null !== expression" instead) in /Applications/MAMP/htdocs/flextype/site/plugins/admin/admin.php at line 115
[03-Apr-2018 21:41:05] ParseError: syntax error, unexpected '{' in /Applications/MAMP/htdocs/flextype/site/plugins/admin/admin.php at line 115
[03-Apr-2018 21:41:36] ParseError: syntax error, unexpected '{' in /Applications/MAMP/htdocs/flextype/site/plugins/admin/admin.php at line 115
